Build started 4.10.2013 18:56:17.
     1>Project "F:\CEN133-SOFTWARE ENGINEER\PROJECTS\INVESTMENT PROBLEM FOR BANKERS\INVESTMENT PROBLEM FOR BANKERS\INVESTMENT PROBLEM FOR BANKERS.vcxproj" on node 2 (build target(s)).
     1>InitializeBuildStatus:
         Touching "Debug\INVESTMENT PROBLEM FOR BANKERS.unsuccessfulbuild".
       ClCompile:
         C:\Program Files (x86)\Microsoft Visual Studio 10.0\VC\bin\CL.exe /c /ZI /nologo /W3 /WX- /Od /Oy- /D "WIN32" /D _DEBUG /D _CONSOLE /D "_UNICODE" /D "UNICODE" /Gm /EHsc /RTC1 /MDd /GS /fp:precise /Zc:wchar_t /Zc:forScope /Fo"Debug\\" /Fd"Debug\vc100.pdb" /Gd /TC /analyze- /errorReport:prompt "Investment.c"
         Investment.c
     1>f:\cen133-software engineer\projects\investment problem for bankers\investment problem for bankers\investment.c(15): warning C4996: 'scanf': This function or variable may be unsafe. Consider using scanf_s instead. To disable deprecation, use _CRT_SECURE_NO_WARNINGS. See online help for details.
                 c:\program files (x86)\microsoft visual studio 10.0\vc\include\stdio.h(304) : see declaration of 'scanf'
     1>f:\cen133-software engineer\projects\investment problem for bankers\investment problem for bankers\investment.c(17): warning C4996: 'scanf': This function or variable may be unsafe. Consider using scanf_s instead. To disable deprecation, use _CRT_SECURE_NO_WARNINGS. See online help for details.
                 c:\program files (x86)\microsoft visual studio 10.0\vc\include\stdio.h(304) : see declaration of 'scanf'
     1>f:\cen133-software engineer\projects\investment problem for bankers\investment problem for bankers\investment.c(19): warning C4996: 'scanf': This function or variable may be unsafe. Consider using scanf_s instead. To disable deprecation, use _CRT_SECURE_NO_WARNINGS. See online help for details.
                 c:\program files (x86)\microsoft visual studio 10.0\vc\include\stdio.h(304) : see declaration of 'scanf'
     1>f:\cen133-software engineer\projects\investment problem for bankers\investment problem for bankers\investment.c(52): error C2059: syntax error : ')'
     1>Done Building Project "F:\CEN133-SOFTWARE ENGINEER\PROJECTS\INVESTMENT PROBLEM FOR BANKERS\INVESTMENT PROBLEM FOR BANKERS\INVESTMENT PROBLEM FOR BANKERS.vcxproj" (build target(s)) -- FAILED.

Build FAILED.

Time Elapsed 00:00:00.05
